2016-01-08; 16:51:58.517 [main] INFO  eu.eidas.auth.engine.EIDASSAMLEngine SAML_EXCHANGE - - -Get instance: Service  #1# [9p9B26P0cCkEKNIsmE0qnehaQIOCPQLQeILbeRQ3bZk=]
2016-01-08; 16:52:02.155 [main] INFO  eu.eidas.node.auth.connector.AUCONNECTORSAML SAML_EXCHANGE - - -Connector - Processing SAML Request with ID _12341234123412341234123412341234 #2# [kI1X49JwMbic0682TU4T9EDRj1TZaYrakO3yrffuMnk=]
2016-01-08; 16:52:02.595 [main] INFO  eu.eidas.auth.engine.EIDASSAMLEngine SAML_EXCHANGE - - -Get instance: Service  #3# [+T/4fCTqniT3uhrbbjH7vSBmUiXOiDbYZ2umpeub/nc=]
2016-01-08; 16:52:03.220 [main] DEBUG eu.eidas.auth.engine.EIDASSAMLEngine SAML_EXCHANGE - - -null #4# [AalwQKlkQlpnRp3mtgt7Tj4s9FxddHpAewrRwHA8Sko=]
2016-01-08; 16:52:03.260 [main] DEBUG eu.eidas.auth.engine.EIDASSAMLEngine SAML_EXCHANGE - - -null #5# [SNsIYM+DE3pAQCVkz+cDijVdQ5CPy4fOYegwJHwx98E=]
2016-01-08; 16:52:03.280 [main] INFO  eu.eidas.node.auth.connector.AUCONNECTORSAML SAML_EXCHANGE - - -Connector - Processing SAML Request with ID _ac9e9aaf494e1e96ec945a6a4eb27342 #6# [0U+JW5sCrUttziSypIiTFPe2IHhKyEGNO6DmQRBCZzc=]
2016-01-08; 16:52:03.350 [main] INFO  eu.eidas.auth.engine.EIDASSAMLEngine SAML_EXCHANGE - - -Get instance: Service  #7# [LwOo7zIwQon8sGs2zHLwLKoasURlm9cO6RarVjX1L2g=]
2016-01-08; 16:52:03.480 [main] INFO  eu.eidas.communication.responses.AUCONNECTOR SAML_EXCHANGE - - -Mock for IEIDASLogger, hashCode: 337029130 #8# [ffsqfhKsu7PIPY5v3os775ycbB6xp6LvocTAHhYKBR4=]
2016-01-08; 16:52:03.480 [main] INFO  eu.eidas.node.auth.connector.AUCONNECTORSAML SAML_EXCHANGE - - -Connector - Generating ERROR SAML Response to request with ID _12341234123412341234123412341234, error is ERROR_CODE ERROR_MESSAGE #9# [SpLJ4UAV712vCuUBBhPxwwloGvz5fGPJVVa01AaxkK0=]
2016-01-08; 16:52:03.560 [main] INFO  eu.eidas.auth.engine.EIDASSAMLEngine SAML_EXCHANGE - - -Get instance: Service  #10# [uwi0kW5shmKk4/TrBc6Swdy+RAYrvCwpC536SfCqHTU=]
2016-01-08; 16:52:03.650 [main] INFO  eu.eidas.communication.responses.AUCONNECTOR SAML_EXCHANGE - - -Mock for IEIDASLogger, hashCode: 285781448 #11# [IP5TalPPCA9TWtmPa+z2qAcebV4AFA8nElQIfoFdICs=]
2016-01-08; 16:52:03.650 [main] INFO  eu.eidas.node.auth.connector.AUCONNECTORSAML SAML_EXCHANGE - - -Connector - Generating ERROR SAML Response to request with ID _12341234123412341234123412341234, error is 003002 003002 - Authentication Failed. #12# [wNtqHlyo7Mi45AnNZX7QOGyw3WEKkevzTTmzkL8/lXw=]
2016-01-08; 16:52:03.650 [main] INFO  eu.eidas.auth.engine.EIDASSAMLEngine SAML_EXCHANGE - - -Get instance: Service  #13# [qaDz+hQbQ6di9CqrbCHo4ip2hOukTftyOC+UzAogKaQ=]
2016-01-08; 16:52:03.690 [main] DEBUG eu.eidas.auth.engine.EIDASSAMLEngine SAML_EXCHANGE - - -null #14# [kmpaH1Gu/7uIAjk8czSq82QKbpYvC6l9RR62EPbLN+4=]
2016-01-08; 16:52:03.690 [main] DEBUG eu.eidas.auth.engine.EIDASSAMLEngine SAML_EXCHANGE - - -Response received from country: BE #15# [Pb+YUT8Piytn8tGFQaH/pL/LnyhffHFlFh8glEvkRAE=]
2016-01-08; 16:52:03.692 [main] DEBUG eu.eidas.auth.engine.EIDASSAMLEngine SAML_EXCHANGE - - -skewTimeInMillis : 0 #16# [2nakHnC9gGBydK/9qIsgwPgTmB5CHSokDglwbSF+ueU=]
2016-01-08; 16:52:03.692 [main] DEBUG eu.eidas.auth.engine.EIDASSAMLEngine SAML_EXCHANGE - - -skewedNotBefore       : 2016-01-08T15:52:03.580Z #17# [yLBeYJg09CV4gi2dV3g/JkfU4ubhe66L4pD9IuDyzVc=]
2016-01-08; 16:52:03.693 [main] DEBUG eu.eidas.auth.engine.EIDASSAMLEngine SAML_EXCHANGE - - -skewedNotOnOrAfter    : 2016-01-08T15:57:03.580Z #18# [VpcvrsSmYWj02IpVBLVSAeajnLyfzIq+4scFdKAtz9Y=]
2016-01-08; 16:52:03.693 [main] INFO  eu.eidas.node.auth.connector.AUCONNECTORSAML SAML_EXCHANGE - - -Connector - Processing SAML Response to request with ID _12341234123412341234123412341234 #19# [j8lHPa/+BEcMclon6hAUlaq4y4zj3LtmLXyk4b6Rifo=]
2016-01-08; 16:52:03.694 [main] INFO  eu.eidas.communication.responses.AUCONNECTOR SAML_EXCHANGE - - -Mock for IEIDASLogger, hashCode: 476868388 #20# [YZJLb5Ipwgs7t+nbdqkFR5TXui95V+6TymcjmQQZ+YY=]
2016-01-08; 16:52:03.697 [main] INFO  eu.eidas.auth.engine.EIDASSAMLEngine SAML_EXCHANGE - - -Get instance: Service  #21# [hd9Q3+z1KWbiE8eHiMt1YJsSTjdlPcMsgzQFr3f+ISw=]
2016-01-08; 16:52:03.792 [main] INFO  eu.eidas.auth.engine.EIDASSAMLEngine SAML_EXCHANGE - - -Get instance: Service  #22# [j1tuIjdKyYF55UWKKgSs/IvEyooY3vSy8CQ/DcPXkQU=]
2016-01-08; 16:52:03.803 [main] INFO  eu.eidas.node.auth.connector.AUCONNECTORSAML SAML_EXCHANGE - - -Connector - Processing SAML Request with ID null #23# [KJ/FT9KuSGil1mYlnJkj/83qlCYRJwLQPZ22XgBXeew=]
2016-01-08; 16:52:03.805 [main] INFO  eu.eidas.auth.engine.EIDASSAMLEngine SAML_EXCHANGE - - -Get instance: Service  #24# [5FeX8lB17dztFUujmTUjPTR5KwE5XDqiVsLbnsRlYjI=]
2016-01-08; 16:52:03.823 [main] INFO  eu.eidas.node.auth.connector.AUCONNECTORSAML SAML_EXCHANGE - - -Connector - Processing SAML Request with ID _12341234123412341234123412341234 #25# [bxRUNYB3o8vUEdFy3eRHbI5YDme5TDuWcHMMAFcu8G4=]
2016-01-08; 16:52:03.924 [main] INFO  eu.eidas.auth.engine.EIDASSAMLEngine SAML_EXCHANGE - - -Get instance: Service  #26# [4xGp7Djioqx24ZwLcGXHftUR3crlUpKsONJjNrFH9HY=]
2016-01-08; 16:52:03.954 [main] DEBUG eu.eidas.auth.engine.EIDASSAMLEngine SAML_EXCHANGE - - -null #27# [dK+SjSXtWF1Wl6q2VDLL+VHaEKsrNaCv2GCpzcreHqk=]
2016-01-08; 16:52:03.974 [main] DEBUG eu.eidas.auth.engine.EIDASSAMLEngine SAML_EXCHANGE - - -null #28# [kC8sxeGaSf/uea6BGCTGS9fhBkkTYkTUto1rAfw13OM=]
2016-01-08; 16:52:03.974 [main] INFO  eu.eidas.node.auth.connector.AUCONNECTORSAML SAML_EXCHANGE - - -Connector - Processing SAML Request with ID _c4537b67614676670c6aa9cd4e1fb65e #29# [d8soeUd4SIkQLQe6fdadhrBf2oJXJoRRR5/H+d184jc=]
2016-01-08; 16:52:03.984 [main] INFO  eu.eidas.auth.engine.EIDASSAMLEngine SAML_EXCHANGE - - -Get instance: Service  #30# [IVUzLZY9yjj9VmUm8S6GZzxU6vqAnGWqsHHHSEjRHNE=]
2016-01-08; 16:52:04.164 [main] INFO  eu.eidas.communication.responses.AUCONNECTOR SAML_EXCHANGE - - -Mock for IEIDASLogger, hashCode: 542019831 #31# [Pp/gSXEoRolhO9iH3PMUjbwkTPo/jRYJ2Y/EzualDFY=]
2016-01-08; 16:52:04.164 [main] INFO  eu.eidas.node.auth.connector.AUCONNECTORSAML SAML_EXCHANGE - - -Connector - Generating ERROR SAML Response to request with ID _12341234123412341234123412341234, error is 003002 003002 - Authentication Failed. #32# [IEj/rNLgqeJK1KeHhle5YyTeAJR/1Z/8+e20xmfbiGc=]
2016-01-08; 16:52:04.164 [main] INFO  eu.eidas.auth.engine.EIDASSAMLEngine SAML_EXCHANGE - - -Get instance: Service  #33# [wU3DLoOB7dZMYPxASIa8SgDgVGkj+izYpLIAndnaP1U=]
2016-01-08; 16:52:04.198 [main] DEBUG eu.eidas.auth.engine.EIDASSAMLEngine SAML_EXCHANGE - - -null #34# [5a/Dx3CjM9zMGBc2zj8aWPnLRHVHXu3ymOVrYLqi/UY=]
2016-01-08; 16:52:04.198 [main] DEBUG eu.eidas.auth.engine.EIDASSAMLEngine SAML_EXCHANGE - - -Response received from country: BE #35# [MIohUiOXGJQygYedUs44eAga9X4ZBn7epsyNDys2pqY=]
2016-01-08; 16:52:04.198 [main] DEBUG eu.eidas.auth.engine.EIDASSAMLEngine SAML_EXCHANGE - - -skewTimeInMillis : 0 #36# [WuKo/cGHGWpmZWTTplYH1qUn+t9mYHe8NsQxJKWQ9Ng=]
2016-01-08; 16:52:04.198 [main] DEBUG eu.eidas.auth.engine.EIDASSAMLEngine SAML_EXCHANGE - - -skewedNotBefore       : 2016-01-08T15:52:04.054Z #37# [gZSzjHmR5Sfw4qBOm56hpbC5FtlQ45ArKXPLTYGwuXs=]
2016-01-08; 16:52:04.198 [main] DEBUG eu.eidas.auth.engine.EIDASSAMLEngine SAML_EXCHANGE - - -skewedNotOnOrAfter    : 2016-01-08T15:57:04.054Z #38# [3n/SprVnJ66mJPbNkB3EAKAaZW5lrjeoBxKBx1kSINI=]
2016-01-08; 16:52:04.198 [main] INFO  eu.eidas.node.auth.connector.AUCONNECTORSAML SAML_EXCHANGE - - -Connector - Processing SAML Response to request with ID null #39# [zh2WrGSJZvLGf5Tq1uymbWeh/aLsqW/h+8/KBNERpv8=]
2016-01-08; 16:52:04.208 [main] INFO  eu.eidas.communication.responses.AUCONNECTOR SAML_EXCHANGE - - -Mock for IEIDASLogger, hashCode: 1257090913 #40# [FVAt7JynQRP5jGjxVThzF9wj/tlmiKXPg/j/7rv9X5c=]
2016-01-08; 16:52:04.208 [main] INFO  eu.eidas.auth.engine.EIDASSAMLEngine SAML_EXCHANGE - - -Get instance: Service  #41# [jsQ6/h6qejggKmnOrNXud0RsnIM8eEBCTocJK/F+29k=]
2016-01-08; 16:52:04.218 [main] INFO  eu.eidas.node.auth.connector.AUCONNECTORSAML SAML_EXCHANGE - - -Connector - Processing SAML Request with ID _12341234123412341234123412341234 #42# [Bg+SG+DFFAD9qdfgNsYsqhxYVmOZtZNQhi8xgMmXRRY=]
2016-01-08; 16:52:04.298 [main] INFO  eu.eidas.auth.engine.EIDASSAMLEngine SAML_EXCHANGE - - -Get instance: Service  #43# [e7fQutSpC5CcLt3l66dl3Gtza9TU3QqqdWwKqtaE+X4=]
2016-01-08; 16:52:04.318 [main] DEBUG eu.eidas.auth.engine.EIDASSAMLEngine SAML_EXCHANGE - - -null #44# [aU02kNKb+gRnRiKZEXoUCCp6zT7Rg99qsfdIluMPZpU=]
2016-01-08; 16:52:04.348 [main] DEBUG eu.eidas.auth.engine.EIDASSAMLEngine SAML_EXCHANGE - - -null #45# [lBH0BW6hzE2HXnkHpEyoXD+NI3KqF5aYDn0YlIqooqI=]
2016-01-08; 16:52:04.358 [main] INFO  eu.eidas.node.auth.connector.AUCONNECTORSAML SAML_EXCHANGE - - -Connector - Processing SAML Request with ID _b2ec36828d9cc1602b80c450b03784ae #46# [CJlbdiM3tbm2sg51tk8saUFwjJLLBWT/svg/Wf+A/mw=]
2016-01-08; 16:52:04.358 [main] INFO  eu.eidas.auth.engine.EIDASSAMLEngine SAML_EXCHANGE - - -Get instance: Service  #47# [B8qQMS4yAKRkNseZVsj9E8VXmkwRvjCINhDOvB5Y+d4=]
2016-01-08; 16:52:04.378 [main] INFO  eu.eidas.node.auth.connector.AUCONNECTORSAML SAML_EXCHANGE - - -Connector - Processing SAML Request with ID _12341234123412341234123412341234 #48# [hUnV28fnbNwBr04C13nATeG/tKqhkm0BzizuGx5Z6k8=]
2016-01-08; 16:52:04.448 [main] INFO  eu.eidas.communication.requests.AUCONNECTOR SAML_EXCHANGE - - -Mock for IEIDASLogger, hashCode: 999699153 #49# [k3CGiK+eq1BTWDFJllexIK2iUwjYHWQxwQYJD13Pe8E=]
2016-01-08; 16:52:04.448 [main] INFO  eu.eidas.auth.engine.EIDASSAMLEngine SAML_EXCHANGE - - -Get instance: Service  #50# [3VT2/NdSDVP1GVuQqAKZnyPwL8jor5DvMroL4ub+ztU=]
2016-01-08; 16:52:04.458 [main] INFO  eu.eidas.node.auth.connector.AUCONNECTORSAML SAML_EXCHANGE - - -Connector - Processing SAML Request with ID _12341234123412341234123412341234 #51# [fsF76AH81SEwtDmD/3HZlgVMxgBY0P9+Unu0PRwjFfI=]
2016-01-08; 16:52:04.468 [main] INFO  eu.eidas.auth.engine.EIDASSAMLEngine SAML_EXCHANGE - - -Get instance: Service  #52# [Csv7SeRLzFB/25dydrW6SxeIefDe8C0Y1DZrqxGQkhw=]
2016-01-08; 16:52:04.508 [main] INFO  eu.eidas.auth.engine.EIDASSAMLEngine SAML_EXCHANGE - - -BUSINESS EXCEPTION : Validate schema exception #53# [5NZKHrqbUtHRPPw0Agjakf7Z/DxpO099d8swFRTZRZk=]
2016-01-08; 16:52:04.518 [main] DEBUG eu.eidas.auth.engine.EIDASSAMLEngine SAML_EXCHANGE - - -BUSINESS EXCEPTION : Validate schema exception #54# [i6Ng2z5fHO7TgGbuLjRfEpae+rcQdHqsqMbWm6+vRsk=]
org.opensaml.xml.parse.XMLParserException: Invalid XML #55# [E1lREqLF1HjJTEB/vTVrkVmVmjPDHk/QTaDwgT8++m4=]
	at org.opensaml.xml.parse.BasicParserPool.parse(BasicParserPool.java:221) ~[xmltooling-1.4.5.jar:na] #56# [6tQHY97/MplFZG+Mq2qNWUoRSNr5CnXJ8YP5paFbXwA=]
	at eu.eidas.auth.engine.EIDASSAMLEngine.validateSchema(EIDASSAMLEngine.java:1980) [saml-engine-eidas.1.0.jar:na] #57# [1DbRWK2pWmRFet1VkMyoNcWKNaZn0eos7bzqvPioJJA=]
	at eu.eidas.auth.engine.EIDASSAMLEngine.validateEIDASAuthnResponse(EIDASSAMLEngine.java:1532) [saml-engine-eidas.1.0.jar:na] #58# [RULYNBP8C1KYtV0g1bMLs8EbNXEtt+M+IOPn0JYoQuM=]
	at eu.eidas.node.auth.connector.AUCONNECTORSAML.processAuthenticationResponse(AUCONNECTORSAML.java:492) [classes/:na] #59# [3BFqpJQJ2Pv1+s5tjpsOZMHId2LAvyTOgKYBqWTAKgg=]
	at eu.eidas.node.auth.connector.tests.AUCONNECTORSAMLTestCase.testProcessAuthenticationResponseInvalidSamlToken(AUCONNECTORSAMLTestCase.java:558) [test-classes/:na] #60# [znZ4dwumwg7dGtF1/TNkGLggibHJ60cb/mePgRCZQJo=]
	at sun.reflect.NativeMethodAccessorImpl.invoke0(Native Method) ~[na:1.8.0_65] #61# [mTCJcA37d7jdrtDXVeVb6vl1/w7cHgBZNVELAbnRHDQ=]
	at sun.reflect.NativeMethodAccessorImpl.invoke(NativeMethodAccessorImpl.java:62) ~[na:1.8.0_65] #62# [l5zR+I7V9YxeYql52owZGjuz8LevdEq454G0cuz64FU=]
	at sun.reflect.DelegatingMethodAccessorImpl.invoke(DelegatingMethodAccessorImpl.java:43) ~[na:1.8.0_65] #63# [x8qUirnL2C2Kqu3JRYkUriZZsu03p9XDJaa2MovrCNM=]
	at java.lang.reflect.Method.invoke(Method.java:497) ~[na:1.8.0_65] #64# [JUZ1XDvqfa4Byr3iYgofUf0vop99CE52I8Dv9fBUh+A=]
	at org.junit.runners.model.FrameworkMethod$1.runReflectiveCall(FrameworkMethod.java:50) [junit-4.12.jar:4.12] #65# [d2dVKdy5cPjoU26p6Js/x+MJi4B33l7M0PDpuEQf+Ss=]
	at org.junit.internal.runners.model.ReflectiveCallable.run(ReflectiveCallable.java:12) [junit-4.12.jar:4.12] #66# [JDg1D4tQQZ7LateZT9IXB5zsxjy9usORThVPhK7DYj4=]
	at org.junit.runners.model.FrameworkMethod.invokeExplosively(FrameworkMethod.java:47) [junit-4.12.jar:4.12] #67# [gGl2pqpz3pRmcxQnKDwuCZBMXB3m1lolywF3d6rZqkM=]
	at org.junit.internal.runners.statements.InvokeMethod.evaluate(InvokeMethod.java:17) [junit-4.12.jar:4.12] #68# [U33eBuZ3pzy/cr93jAgqd6OSoVa9tqaNAZ4DpcS1fHY=]
	at org.junit.internal.runners.statements.ExpectException.evaluate(ExpectException.java:19) [junit-4.12.jar:4.12] #69# [pSKGUriGTDAJncpfzDAHn8CzhET/7T+2u2eQ/3vSdKc=]
	at org.junit.runners.ParentRunner.runLeaf(ParentRunner.java:325) [junit-4.12.jar:4.12] #70# [zaXxyRrR7R3HGkXKk1XkmkbveClVaVtAS93p7REcJ98=]
	at org.junit.runners.BlockJUnit4ClassRunner.runChild(BlockJUnit4ClassRunner.java:78) [junit-4.12.jar:4.12] #71# [ZslguB81zCc+tvCjSrXgU9GF/soAt2zBcDOM3NzVBPY=]
	at org.junit.runners.BlockJUnit4ClassRunner.runChild(BlockJUnit4ClassRunner.java:57) [junit-4.12.jar:4.12] #72# [aihHhWCxMiwKcC+d2dkS57wmSA8tgrQ3gyymn2WBhgE=]
	at org.junit.runners.ParentRunner$3.run(ParentRunner.java:290) [junit-4.12.jar:4.12] #73# [Le7rBklDLFvrXpH9uU2rURr1Nx5AcETJVulrSWDDGkg=]
	at org.junit.runners.ParentRunner$1.schedule(ParentRunner.java:71) [junit-4.12.jar:4.12] #74# [5rap55E40rgQ2vrDqy58L80F0dffKt4/E2V1ErA3xy4=]
	at org.junit.runners.ParentRunner.runChildren(ParentRunner.java:288) [junit-4.12.jar:4.12] #75# [L5aV37syb+maLY6ODu45x8SfbHQ4bck8KIMI+iLo2KQ=]
	at org.junit.runners.ParentRunner.access$000(ParentRunner.java:58) [junit-4.12.jar:4.12] #76# [1dM81o/+10vPzeVXkEGOSv9xyp0+1Cl1Lfy7187xuaA=]
	at org.junit.runners.ParentRunner$2.evaluate(ParentRunner.java:268) [junit-4.12.jar:4.12] #77# [B5dGbgL8TktR9UpqKuhl3LLtQfPHYqtCy3HIrawZsFo=]
	at org.junit.internal.runners.statements.RunBefores.evaluate(RunBefores.java:26) [junit-4.12.jar:4.12] #78# [mflds9SXhjTiGzNwUdylJcfXY5OGkSrsjdd7xG/vp3Q=]
	at org.junit.runners.ParentRunner.run(ParentRunner.java:363) [junit-4.12.jar:4.12] #79# [wRLuwS03wPlWPyvt6rIvKLZ15a/jqHzDbLBjkJddl0c=]
	at org.apache.maven.surefire.junit4.JUnit4Provider.execute(JUnit4Provider.java:252) [surefire-junit4-2.12.4.jar:2.12.4] #80# [0qKJDWx135fPNrEreNyGrgDwvuslutAbPnfEJ5zQcOI=]
	at org.apache.maven.surefire.junit4.JUnit4Provider.executeTestSet(JUnit4Provider.java:141) [surefire-junit4-2.12.4.jar:2.12.4] #81# [xBJQBBw3TFm7heDm8I2m0AkOvtx4fVjn0Nm3k3eAJc8=]
	at org.apache.maven.surefire.junit4.JUnit4Provider.invoke(JUnit4Provider.java:112) [surefire-junit4-2.12.4.jar:2.12.4] #82# [wUrI+vKEDGF5YAXdlE26XLW0AoB4KUnhC57FCihu0yM=]
	at sun.reflect.NativeMethodAccessorImpl.invoke0(Native Method) ~[na:1.8.0_65] #83# [OUAwttFUgk9bdmMjW0i3VDrzbDdyt6XFDqX6QpZJc3s=]
	at sun.reflect.NativeMethodAccessorImpl.invoke(NativeMethodAccessorImpl.java:62) ~[na:1.8.0_65] #84# [BN35QEgdjk39KG1ZzJADXnK2JQsRLMtEIugmG0acOlo=]
	at sun.reflect.DelegatingMethodAccessorImpl.invoke(DelegatingMethodAccessorImpl.java:43) ~[na:1.8.0_65] #85# [3MiJyCjXO7YcVo1xlYiTYqFtYMdo7RAyd5Ve+5ZFWVM=]
	at java.lang.reflect.Method.invoke(Method.java:497) ~[na:1.8.0_65] #86# [6SVGnYjC9GUJmK76/TGZuFS7NGuZ5MGBCTeDt9BchHE=]
	at org.apache.maven.surefire.util.ReflectionUtils.invokeMethodWithArray(ReflectionUtils.java:189) [surefire-api-2.12.4.jar:2.12.4] #87# [teRtznBfeut5a/5nWwFVDVTPrj3FeBJ6uSfL4BrXLJw=]
	at org.apache.maven.surefire.booter.ProviderFactory$ProviderProxy.invoke(ProviderFactory.java:165) [surefire-booter-2.12.4.jar:2.12.4] #88# [7eJp0wtS943IBz35QL2h4vxEdmenKU3JpOZ/n3sB2sw=]
	at org.apache.maven.surefire.booter.ProviderFactory.invokeProvider(ProviderFactory.java:85) [surefire-booter-2.12.4.jar:2.12.4] #89# [nAajWVEa8NYY/gTNEhNSuI3RYeJcTU6rQL/rMjHRuBk=]
	at org.apache.maven.surefire.booter.ForkedBooter.runSuitesInProcess(ForkedBooter.java:115) [surefire-booter-2.12.4.jar:2.12.4] #90# [dwTBxWqiEl6BH3vlTY7Yhqr5q7WlPBZ5zIS2o5F/uM8=]
	at org.apache.maven.surefire.booter.ForkedBooter.main(ForkedBooter.java:75) [surefire-booter-2.12.4.jar:2.12.4] #91# [V3T6ms6dJ60GzHeF7i+QCGlPRhI/d/cNkSkaysWfn5U=]
Caused by: org.xml.sax.SAXParseException: Premature end of file. #92# [yhH+WvOd4mjDxkOVtkSX5YE1Ye2xryZO74JQGKCM+d0=]
	at org.apache.xerces.util.ErrorHandlerWrapper.createSAXParseException(Unknown Source) ~[xercesImpl-2.11.0.jar:na] #93# [us8ZOV2kw9bW3XUAbMQuhJfGs7x1d/eU8GolTLr3zEo=]
	at org.apache.xerces.util.ErrorHandlerWrapper.fatalError(Unknown Source) ~[xercesImpl-2.11.0.jar:na] #94# [i3KUxC59OhXtusNayimzSmVNopcVKupIowXpn0YBtHc=]
	at org.apache.xerces.impl.XMLErrorReporter.reportError(Unknown Source) ~[xercesImpl-2.11.0.jar:na] #95# [mPylYZeBFGFgD4U6kS1Hbu0byyek+0qkFaaI453jI5Y=]
	at org.apache.xerces.impl.XMLErrorReporter.reportError(Unknown Source) ~[xercesImpl-2.11.0.jar:na] #96# [zt5EnhB1vXtLySKx/HGxF6cYZH+sxxtyZwZXMy7QfSs=]
	at org.apache.xerces.impl.XMLErrorReporter.reportError(Unknown Source) ~[xercesImpl-2.11.0.jar:na] #97# [hNr4X1/GsF1GfO9kRoW4m4Y4rMlb5Al+zgX4AlRRPU4=]
	at org.apache.xerces.impl.XMLVersionDetector.determineDocVersion(Unknown Source) ~[xercesImpl-2.11.0.jar:na] #98# [1t8id+Eo2y7idbv9lY+JcSkgnzhVHi3SImUmRNAGN5s=]
	at org.apache.xerces.parsers.XML11Configuration.parse(Unknown Source) ~[xercesImpl-2.11.0.jar:na] #99# [IxSZNhs7MovagUElCrSGueMUgAeLpBgBdZNPHRznxTk=]
	at org.apache.xerces.parsers.XML11Configuration.parse(Unknown Source) ~[xercesImpl-2.11.0.jar:na] #100# [iOwk3aJZmWV7YdBTPAdGPoLcWn8JTOvZB1biNAiFang=]
	at org.apache.xerces.parsers.XMLParser.parse(Unknown Source) ~[xercesImpl-2.11.0.jar:na] #101# [iCaGpxIt5XJDbmGKu+GZhHPcsv9AH+CyHCNpyAw7pjs=]
	at org.apache.xerces.parsers.DOMParser.parse(Unknown Source) ~[xercesImpl-2.11.0.jar:na] #102# [4NO6XKGhHibLAwrcFBLVJA2PXcIi6OKWCfZblzdK9Zk=]
	at org.apache.xerces.jaxp.DocumentBuilderImpl.parse(Unknown Source) ~[xercesImpl-2.11.0.jar:na] #103# [Z/kfvW/4vgzQRJdKOp6ZXG2I/52ecXVylO1zq5KwThk=]
	at javax.xml.parsers.DocumentBuilder.parse(DocumentBuilder.java:121) ~[na:1.8.0_65] #104# [fYy5WYaSSFd4/jTaa+dvr7qYrn5wHQWbcXgWAqCMjJE=]
	at org.opensaml.xml.parse.BasicParserPool$DocumentBuilderProxy.parse(BasicParserPool.java:696) ~[xmltooling-1.4.5.jar:na] #105# [WRjXsaGKxmVmzsOQKuA86Vcri3lHeiCEygOSm7XFPu0=]
	at org.opensaml.xml.parse.BasicParserPool.parse(BasicParserPool.java:218) ~[xmltooling-1.4.5.jar:na] #106# [gYvYifCVaADSkixl42jNvg+vd5Se6eBL/3gfhriv5E8=]
	... 35 common frames omitted #107# [ycTloDFOBjRAfxD4Zqyv6+/0hspxnEQr416truCPrm8=]
2016-01-08; 16:52:04.518 [main] INFO  eu.eidas.auth.engine.EIDASSAMLEngine SAML_EXCHANGE - - -Get instance: Service  #108# [DOZ1Weia9p9eDhz6IJ+z/vhufAwMJqBsLGNdq4a89cU=]
2016-01-08; 16:52:04.528 [main] INFO  eu.eidas.auth.engine.EIDASSAMLEngine SAML_EXCHANGE - - -Get instance: Service  #109# [IDZkiSePs319zsZHRPWd2TdXop7AtQsbRoSLzGk/D7s=]
2016-01-08; 16:52:04.538 [main] INFO  eu.eidas.auth.engine.EIDASSAMLEngine SAML_EXCHANGE - - -Get instance: Service  #110# [0BUqOQFi0t7Ki5lzS2FdlJmcr2H22WTfScwynDBw0CU=]
2016-01-08; 16:52:04.558 [main] INFO  eu.eidas.node.auth.connector.AUCONNECTORSAML SAML_EXCHANGE - - -Connector - Processing SAML Request with ID _12341234123412341234123412341234 #111# [5qmrynOrZYiNDw/RKQv5fS/a9junKlO5UvT6e9mbkbg=]
2016-01-08; 16:52:04.648 [main] INFO  eu.eidas.auth.engine.EIDASSAMLEngine SAML_EXCHANGE - - -Get instance: Service  #112# [MGeFomCWmOL+cdVaZCyTKQ/Re5h8y/Kvp010CXupEDE=]
2016-01-08; 16:52:04.728 [main] INFO  eu.eidas.node.auth.connector.AUCONNECTORSAML SAML_EXCHANGE - - -Connector - Generating SAML Response to request with ID _12341234123412341234123412341234 #113# [Agdpvnr3Wx+GQ0FTo95Pwthn/+wGlfZSdcb7oM02XPU=]
2016-01-08; 16:52:04.728 [main] INFO  eu.eidas.communication.responses.AUCONNECTOR SAML_EXCHANGE - - -Mock for IEIDASLogger, hashCode: 2078517710 #114# [rCXauEbBZnMYcBV7vjSr72hHTfsNcrDYsW8TI9G4cGo=]
2016-01-08; 16:52:04.728 [main] INFO  eu.eidas.auth.engine.EIDASSAMLEngine SAML_EXCHANGE - - -Get instance: Service  #115# [Qol9qALP5YQSH1fw5eodF9x6YkMIL/2AIdowMbRwkvI=]
2016-01-08; 16:52:04.748 [main] DEBUG eu.eidas.auth.engine.EIDASSAMLEngine SAML_EXCHANGE - - -null #116# [76fPjYVVsovLzUjInqak6Bq9p+wgW27JiPAXA7uh4Rw=]
2016-01-08; 16:52:04.748 [main] DEBUG eu.eidas.auth.engine.EIDASSAMLEngine SAML_EXCHANGE - - -Response received from country: BE #117# [43CT3YuxAm0RVvKFaUt4UnD3ucTKRVttpPR52KKIyfw=]
2016-01-08; 16:52:04.758 [main] DEBUG eu.eidas.auth.engine.EIDASSAMLEngine SAML_EXCHANGE - - -skewTimeInMillis : 0 #118# [0eTF1Jh43YXTZxJraDxQAqKS4UBkprbDNpN5scR4EaI=]
2016-01-08; 16:52:04.758 [main] DEBUG eu.eidas.auth.engine.EIDASSAMLEngine SAML_EXCHANGE - - -skewedNotBefore       : 2016-01-08T15:52:04.658Z #119# [gJKmLUJuqb9V8kb0RrU2Be/SNI+It8Qi4f91QLTMlek=]
2016-01-08; 16:52:04.758 [main] DEBUG eu.eidas.auth.engine.EIDASSAMLEngine SAML_EXCHANGE - - -skewedNotOnOrAfter    : 2016-01-08T15:57:04.658Z #120# [QBuuN3LASsewaqvJXWbSN2ZX2qnGlCggMH8FbDQ9K2w=]
2016-01-08; 16:52:04.758 [main] INFO  eu.eidas.node.auth.connector.AUCONNECTORSAML SAML_EXCHANGE - - -Connector - Processing SAML Response to request with ID _12341234123412341234123412341234 #121# [zQq/zzl8BRuPaYMV88txKuvTjCNc8nKyIvv52HuJgfM=]
2016-01-08; 16:52:04.758 [main] INFO  eu.eidas.communication.responses.AUCONNECTOR SAML_EXCHANGE - - -Mock for IEIDASLogger, hashCode: 1127866590 #122# [sIuezcbxaQ+m3aK0MZunURb3Lc8iLhvxsgsnZ3Kuaac=]
2016-01-08; 16:52:04.758 [main] INFO  eu.eidas.auth.engine.EIDASSAMLEngine SAML_EXCHANGE - - -Get instance: null  #123# [yJjchlgIY0OjYtyGAou2/V7qicBCaol1u4nf3F3wLtY=]
2016-01-08; 16:52:04.768 [main] INFO  eu.eidas.auth.engine.EIDASSAMLEngine SAML_EXCHANGE - - -Get instance: Service  #124# [83X2oTVwKuHJT3leunLchGZ+Q0GYTkWN8mI9h+MA5Tw=]
2016-01-08; 16:52:04.798 [main] INFO  eu.eidas.auth.engine.EIDASSAMLEngine SAML_EXCHANGE - - -BUSINESS EXCEPTION : Validate schema exception #125# [WTGqsi8+Pk6FrO3nBiSaHy7TCJB+kUWoBUDt8uCxYC0=]
2016-01-08; 16:52:04.798 [main] DEBUG eu.eidas.auth.engine.EIDASSAMLEngine SAML_EXCHANGE - - -BUSINESS EXCEPTION : Validate schema exception #126# [aNmVi018SRMsOpY+D7sTYCgU3o2ZFkF857x8cjdEaU0=]
org.opensaml.xml.parse.XMLParserException: Invalid XML #127# [5IUz8rBzDQNL2jTQJHLde0CjaTMmgUJqj57lZFJJl1M=]
	at org.opensaml.xml.parse.BasicParserPool.parse(BasicParserPool.java:221) ~[xmltooling-1.4.5.jar:na] #128# [4Wl8YNowtLwQIp4z3RhfHuAVPP8VoIgmGf2FJa/Flas=]
	at eu.eidas.auth.engine.EIDASSAMLEngine.validateSchema(EIDASSAMLEngine.java:1980) [saml-engine-eidas.1.0.jar:na] #129# [JV6i77I6CZAs/KYyLDBPFtud0G7hjNK2aszWAVBgn8Q=]
	at eu.eidas.auth.engine.EIDASSAMLEngine.validateEIDASAuthnRequest(EIDASSAMLEngine.java:1285) [saml-engine-eidas.1.0.jar:na] #130# [X8pURFDM3k8c2GurdPKb/ERjNRSHVxNjqvT2c8vbSM0=]
	at eu.eidas.node.auth.connector.AUCONNECTORSAML.processAuthenticationRequest(AUCONNECTORSAML.java:231) [classes/:na] #131# [e1OGZdiOBXwD/yd8DaiIYyBrAhxqQeQCF639lbCLhIU=]
	at eu.eidas.node.auth.connector.tests.AUCONNECTORSAMLTestCase.testProcessAuthenticationRequestInvalidSaml(AUCONNECTORSAMLTestCase.java:236) [test-classes/:na] #132# [ZS0fn5CGRP8ROAMExpH1KRYCq6wm8FL3A6A+cOK9KsY=]
	at sun.reflect.NativeMethodAccessorImpl.invoke0(Native Method) ~[na:1.8.0_65] #133# [ZZatmNmtVM+NYepCzhzv4Y9nO+FhF0RVTGk6sLlJ0jQ=]
	at sun.reflect.NativeMethodAccessorImpl.invoke(NativeMethodAccessorImpl.java:62) ~[na:1.8.0_65] #134# [FS0gXDBkw/BSsddXg8JGSZ+jXSma8KADb9F9CKPkm8Y=]
	at sun.reflect.DelegatingMethodAccessorImpl.invoke(DelegatingMethodAccessorImpl.java:43) ~[na:1.8.0_65] #135# [fuJ0YoTTZCG25nb5rujbs/iMA5ToMCToyMVKhT/H0Mw=]
	at java.lang.reflect.Method.invoke(Method.java:497) ~[na:1.8.0_65] #136# [LJvCUwMXJfVSmvruunn4c9Su1W4WAjN6WOrqJpaCs50=]
	at org.junit.runners.model.FrameworkMethod$1.runReflectiveCall(FrameworkMethod.java:50) [junit-4.12.jar:4.12] #137# [bL2b04ck/VxrrqFg858J8cfhP+MdWFpAe+4JuXIZIk4=]
	at org.junit.internal.runners.model.ReflectiveCallable.run(ReflectiveCallable.java:12) [junit-4.12.jar:4.12] #138# [9b3/BXnQ5+ds+ZOqOJhEqRFIEo8QfiLXu3/2lWz0HdA=]
	at org.junit.runners.model.FrameworkMethod.invokeExplosively(FrameworkMethod.java:47) [junit-4.12.jar:4.12] #139# [nusX8lo6Pd0YFE5PoZBQkXEUYYRdtqYJB0Vp/H/JUoM=]
	at org.junit.internal.runners.statements.InvokeMethod.evaluate(InvokeMethod.java:17) [junit-4.12.jar:4.12] #140# [UeZOg3/OtM5mNxhjtGaaJySIBFgEKO9h5q+FJwIjsos=]
	at org.junit.internal.runners.statements.ExpectException.evaluate(ExpectException.java:19) [junit-4.12.jar:4.12] #141# [YFELIOhCUnncVim+TLpq7dhnb00pooTnxsR4IbsgVvg=]
	at org.junit.runners.ParentRunner.runLeaf(ParentRunner.java:325) [junit-4.12.jar:4.12] #142# [TRu2u/ohWtzji0Z6Dj0Ly42FSNA1rGHR9FzfTOvHcmY=]
	at org.junit.runners.BlockJUnit4ClassRunner.runChild(BlockJUnit4ClassRunner.java:78) [junit-4.12.jar:4.12] #143# [4SGkBHFPRpBfTDB+Z3ogruwLPk4OLBfKII/+ISJ56jI=]
	at org.junit.runners.BlockJUnit4ClassRunner.runChild(BlockJUnit4ClassRunner.java:57) [junit-4.12.jar:4.12] #144# [jcPvh+hQrmkb9RprreC40pUqhEp37W/M9q1eYKfyZSE=]
	at org.junit.runners.ParentRunner$3.run(ParentRunner.java:290) [junit-4.12.jar:4.12] #145# [9XFWXwcAMuScmv8eYmzJBm+lg4BeFIAAO6W+v8QW/lg=]
	at org.junit.runners.ParentRunner$1.schedule(ParentRunner.java:71) [junit-4.12.jar:4.12] #146# [NgitObQ46oheemMueAbIeaENNBPgMCQ52v6tfIKTAH4=]
	at org.junit.runners.ParentRunner.runChildren(ParentRunner.java:288) [junit-4.12.jar:4.12] #147# [nQbVSntzRYmrWtYWLwXR6oFoFhrpXk3G1I3ngX5L4IU=]
	at org.junit.runners.ParentRunner.access$000(ParentRunner.java:58) [junit-4.12.jar:4.12] #148# [OwD381fLYoRGg7E2C5H3iBVbXjPK5EchBASGTjXWnLI=]
	at org.junit.runners.ParentRunner$2.evaluate(ParentRunner.java:268) [junit-4.12.jar:4.12] #149# [azup94xI3ZVkPLWaAr4p0DBtn59j2k1RuuBSnKJpU5A=]
	at org.junit.internal.runners.statements.RunBefores.evaluate(RunBefores.java:26) [junit-4.12.jar:4.12] #150# [cMdP5tzYuqn+EjkfxoKATy5M+Ye0fEK9GuBIajf7Ni8=]
	at org.junit.runners.ParentRunner.run(ParentRunner.java:363) [junit-4.12.jar:4.12] #151# [4j14GBgUf/fbQBKF8vqepjpvVZQknvXw0BIYc+ulF2Q=]
	at org.apache.maven.surefire.junit4.JUnit4Provider.execute(JUnit4Provider.java:252) [surefire-junit4-2.12.4.jar:2.12.4] #152# [aEFKXhCVbcb/CyqiL9Ga90/neIbRimWixoFHF+BO4Bg=]
	at org.apache.maven.surefire.junit4.JUnit4Provider.executeTestSet(JUnit4Provider.java:141) [surefire-junit4-2.12.4.jar:2.12.4] #153# [I7GUhJ5lpwAI8cFdzeGbN8bc/coBPD60p6JlauMlwb0=]
	at org.apache.maven.surefire.junit4.JUnit4Provider.invoke(JUnit4Provider.java:112) [surefire-junit4-2.12.4.jar:2.12.4] #154# [h9/rm2hJMzVvBKsWi86DSTeacTc1RhQKkAPp8367RJw=]
	at sun.reflect.NativeMethodAccessorImpl.invoke0(Native Method) ~[na:1.8.0_65] #155# [ITFTu7tjnbT/uXD0oYYzCASPriBY9suPp661EmzRSQU=]
	at sun.reflect.NativeMethodAccessorImpl.invoke(NativeMethodAccessorImpl.java:62) ~[na:1.8.0_65] #156# [lbZ31TGUGCer4eXARzo6E/jm/Hd0lY3obd4s1Je0ODg=]
	at sun.reflect.DelegatingMethodAccessorImpl.invoke(DelegatingMethodAccessorImpl.java:43) ~[na:1.8.0_65] #157# [gkXCJyOM3xUNurzGMuyWvQleh9Q/m1kVRl6toDHiIKw=]
	at java.lang.reflect.Method.invoke(Method.java:497) ~[na:1.8.0_65] #158# [Eo6/YX3q4YpfdWhbJ1fVBIRuQmpatlztMkKOLA95ILE=]
	at org.apache.maven.surefire.util.ReflectionUtils.invokeMethodWithArray(ReflectionUtils.java:189) [surefire-api-2.12.4.jar:2.12.4] #159# [bCOCCxHqY69B5mD+SHkjfrY52OX0JlMBA5Y1KUu8dtc=]
	at org.apache.maven.surefire.booter.ProviderFactory$ProviderProxy.invoke(ProviderFactory.java:165) [surefire-booter-2.12.4.jar:2.12.4] #160# [atUI+j2cnTdxAxGcbxNkLZNB/vqvNpqN4tm3RKk7Yk4=]
	at org.apache.maven.surefire.booter.ProviderFactory.invokeProvider(ProviderFactory.java:85) [surefire-booter-2.12.4.jar:2.12.4] #161# [XP6v/dlO0Ekdrazd7qfuuU22ae21HqZletv7KpDCiLY=]
	at org.apache.maven.surefire.booter.ForkedBooter.runSuitesInProcess(ForkedBooter.java:115) [surefire-booter-2.12.4.jar:2.12.4] #162# [8Iv8ne0z6bGuQjjZAlREJfJvYHsnWO0fr0C3VuEauvM=]
	at org.apache.maven.surefire.booter.ForkedBooter.main(ForkedBooter.java:75) [surefire-booter-2.12.4.jar:2.12.4] #163# [IP0vvBq3Y3TTvkXeucaZyThY9yMSwaQnb3CJkNh7oTU=]
Caused by: org.xml.sax.SAXParseException: Premature end of file. #164# [KpFEnmi5uQsoUU+Vf0zQTehzmDpJ+SCcWlQcpb0pRUc=]
	at org.apache.xerces.util.ErrorHandlerWrapper.createSAXParseException(Unknown Source) ~[xercesImpl-2.11.0.jar:na] #165# [B7iJxcfWnP1C/8Ai7SNIFfW3/UZkHWsCpmeIV7sTKJs=]
	at org.apache.xerces.util.ErrorHandlerWrapper.fatalError(Unknown Source) ~[xercesImpl-2.11.0.jar:na] #166# [KnPFSPZVyIrKcqXEgCCB2P94VJz36/Dk/qdCFrQhsC4=]
	at org.apache.xerces.impl.XMLErrorReporter.reportError(Unknown Source) ~[xercesImpl-2.11.0.jar:na] #167# [4XvSfp+h1gEh+Jw315VP4KaZOBt5KNXHb6pkcdpi2TA=]
	at org.apache.xerces.impl.XMLErrorReporter.reportError(Unknown Source) ~[xercesImpl-2.11.0.jar:na] #168# [Ci49+uZz7PDKFJCcwuX9JFnmqFFqDkjmeix3I8yHXIU=]
	at org.apache.xerces.impl.XMLErrorReporter.reportError(Unknown Source) ~[xercesImpl-2.11.0.jar:na] #169# [pLoYjLYyrII5RwqWupAsZv0xuyg6pMgD68ULazEeG0M=]
	at org.apache.xerces.impl.XMLVersionDetector.determineDocVersion(Unknown Source) ~[xercesImpl-2.11.0.jar:na] #170# [FIw7/ur9foQ6VlCiCDkiVZNjKK4G9j0wja+umo9l5EY=]
	at org.apache.xerces.parsers.XML11Configuration.parse(Unknown Source) ~[xercesImpl-2.11.0.jar:na] #171# [kjfDch97ZNTxeZQztNcqK4C7VGvP5C+rpgMukWSXyxA=]
	at org.apache.xerces.parsers.XML11Configuration.parse(Unknown Source) ~[xercesImpl-2.11.0.jar:na] #172# [HObWZz+gsc6V98cXx5i7HrMTVI01+/fO/pn1qzbicTY=]
	at org.apache.xerces.parsers.XMLParser.parse(Unknown Source) ~[xercesImpl-2.11.0.jar:na] #173# [OrCiDU51eAyicnVTDqd2zWwlaKe/pS0SCXLbdabPKKE=]
	at org.apache.xerces.parsers.DOMParser.parse(Unknown Source) ~[xercesImpl-2.11.0.jar:na] #174# [9+/OKLIFgEyLyz46llA1x4xfPfbBasdFPlL/USmFi6s=]
	at org.apache.xerces.jaxp.DocumentBuilderImpl.parse(Unknown Source) ~[xercesImpl-2.11.0.jar:na] #175# [pA+Q+u2D6F/4CKfyMPs4ajVH5A7hvP+nCktx+MVZukE=]
	at javax.xml.parsers.DocumentBuilder.parse(DocumentBuilder.java:121) ~[na:1.8.0_65] #176# [kQejx+4tZvQTquwXgwRkAukVINaasVtftw21Y53y0qE=]
	at org.opensaml.xml.parse.BasicParserPool$DocumentBuilderProxy.parse(BasicParserPool.java:696) ~[xmltooling-1.4.5.jar:na] #177# [2Q+G+zY2tMKr/0kf43xX2nek5u50bnuWpq14iIdbano=]
	at org.opensaml.xml.parse.BasicParserPool.parse(BasicParserPool.java:218) ~[xmltooling-1.4.5.jar:na] #178# [CuH3c2eUQS72wE3icdmJ6Gil3/hJN5uSi3FB2Rnzimc=]
	... 35 common frames omitted #179# [cfFNZ6N6XBWGo/ntI/ke4AXL3ewWfH07Z5Auh9uTYW4=]
2016-01-08; 16:52:04.798 [main] INFO  eu.eidas.auth.engine.EIDASSAMLEngine SAML_EXCHANGE - - -Get instance: Service  #180# [wkk6lFUdiAhtJoEWfda2bG8RxAKj7ssG6HlBcTs6FGo=]
2016-01-08; 16:52:04.920 [main] INFO  eu.eidas.node.auth.connector.AUCONNECTORSAML SAML_EXCHANGE - - -Connector - Generating SAML Response to request with ID _12341234123412341234123412341234 #181# [cr4RjE3zxc9/zZQhbXpwJpb4wvrIctJHatNXQDZ2Lfo=]
2016-01-08; 16:52:04.920 [main] INFO  eu.eidas.communication.responses.AUCONNECTOR SAML_EXCHANGE - - -Mock for IEIDASLogger, hashCode: 1611966906 #182# [Yzq6CBJW2P1WEv1sF28NFAIfofSAxpdaB3W6tm0/HgQ=]
2016-01-08; 16:52:04.920 [main] INFO  eu.eidas.auth.engine.EIDASSAMLEngine SAML_EXCHANGE - - -Get instance: Service  #183# [1us4tIE10o2iOWMM9mSML666eMz/7FIZefMXaACuoXM=]
2016-01-08; 16:52:04.960 [main] DEBUG eu.eidas.auth.engine.EIDASSAMLEngine SAML_EXCHANGE - - -null #184# [yBD3PvueBuQuWgvKFdHkyVPw5lX+NV8/wh4jtlAQSc8=]
2016-01-08; 16:52:04.960 [main] DEBUG eu.eidas.auth.engine.EIDASSAMLEngine SAML_EXCHANGE - - -Response received from country: BE #185# [dznSQF6+k06iJLNuMoXN56Wt/2k+z2i+I8yKNfbjiPQ=]
2016-01-08; 16:52:04.960 [main] DEBUG eu.eidas.auth.engine.EIDASSAMLEngine SAML_EXCHANGE - - -skewTimeInMillis : 0 #186# [ZAY4dRFJZz4NaTDh39H+mociJ0jMfA2AoH/Im1rcPMk=]
2016-01-08; 16:52:04.960 [main] DEBUG eu.eidas.auth.engine.EIDASSAMLEngine SAML_EXCHANGE - - -skewedNotBefore       : 2016-01-08T15:52:04.817Z #187# [aL6VjbeFT3Aei9KgNIEIgqcbs4fnWDfL23FB0oaSGbA=]
2016-01-08; 16:52:04.960 [main] DEBUG eu.eidas.auth.engine.EIDASSAMLEngine SAML_EXCHANGE - - -skewedNotOnOrAfter    : 2016-01-08T15:57:04.817Z #188# [slFzPgVX9HJXXwxScVlNnU8dru3jPt2dVcP/0RVDAw0=]
2016-01-08; 16:52:04.960 [main] INFO  eu.eidas.node.auth.connector.AUCONNECTORSAML SAML_EXCHANGE - - -Connector - Processing SAML Response to request with ID _12341234123412341234123412341234 #189# [RRWENh6SkyK9hH4RY0eLJa5nJqTQH7BsrcvYgKaldkc=]
2016-01-08; 16:52:04.960 [main] INFO  eu.eidas.communication.responses.AUCONNECTOR SAML_EXCHANGE - - -Mock for IEIDASLogger, hashCode: 2078741622 #190# [YoKAVuTpWNQHkScBJzp+vxxD1rvlmyNzENSbTmg0L5U=]
2016-01-08; 16:52:04.970 [main] INFO  eu.eidas.auth.engine.EIDASSAMLEngine SAML_EXCHANGE - - -Get instance: Service  #191# [vrECo4SXTc+mJxgiyRhQZKowER9+YSMvwCW1oRqY7GA=]
2016-01-08; 16:52:05.000 [main] INFO  eu.eidas.node.auth.connector.AUCONNECTORSAML SAML_EXCHANGE - - -Connector - Processing SAML Request with ID _12341234123412341234123412341234 #192# [Xtd/u62sG15Jkhh4jcOzqqCfwxSsfmrfhOicUq8p8L0=]
2016-01-08; 16:52:05.092 [main] INFO  eu.eidas.auth.engine.EIDASSAMLEngine SAML_EXCHANGE - - -Get instance: Service  #193# [lMru+loFl98v+SUgCOrswrKFJKs3qdgO9I+ojs/Foa4=]
2016-01-08; 16:52:05.112 [main] DEBUG eu.eidas.auth.engine.EIDASSAMLEngine SAML_EXCHANGE - - -null #194# [yGs2V5oTlCR4NVgcpuh2ep2fTVJ4KMCCK0COWfBXtJk=]
2016-01-08; 16:52:05.132 [main] DEBUG eu.eidas.auth.engine.EIDASSAMLEngine SAML_EXCHANGE - - -null #195# [SE2DpKPJj/Ak5JkuyBi82ratEjXu+ahDL2/HWVZmZBw=]
2016-01-08; 16:52:05.132 [main] INFO  eu.eidas.node.auth.connector.AUCONNECTORSAML SAML_EXCHANGE - - -Connector - Processing SAML Request with ID _7c0647e1245270b10625bf23f3caac82 #196# [drlBshORRMXkTuyEoV7L/GKqGrSh4Fg5rXtZq77mZBY=]
2016-01-08; 16:52:05.142 [main] INFO  eu.eidas.auth.engine.EIDASSAMLEngine SAML_EXCHANGE - - -Get instance: Service  #197# [YiTEkMA7odalRLzjA0GkmneJL1h6p+NOW6bHVI4bkOk=]
2016-01-08; 16:52:05.142 [main] INFO  eu.eidas.node.auth.connector.AUCONNECTORSAML SAML_EXCHANGE - - -Connector - Processing SAML Request with ID _12341234123412341234123412341234 #198# [6ipo3r24dYQ0kTnPGPsbjdeirfFjo+PHIdDwOSZm6QQ=]
2016-01-08; 16:52:05.212 [main] INFO  eu.eidas.auth.engine.EIDASSAMLEngine SAML_EXCHANGE - - -Get instance: Service  #199# [iOYgNB80wptoS5hiDNnBHp5Vdlk4eYGLCDPJ30dW8+k=]
2016-01-08; 16:52:05.252 [main] DEBUG eu.eidas.auth.engine.EIDASSAMLEngine SAML_EXCHANGE - - -null #200# [zTNe62EEMCMbjldVh3eKYeao0nK9bIHll5guHvsIo2U=]
2016-01-08; 16:52:05.262 [main] DEBUG eu.eidas.auth.engine.EIDASSAMLEngine SAML_EXCHANGE - - -null #201# [725JNjMLTd7yWhLnGIeNzYWrbYEleNzy3eF71sdLnlQ=]
2016-01-08; 16:52:05.272 [main] INFO  eu.eidas.node.auth.connector.AUCONNECTORSAML SAML_EXCHANGE - - -Connector - Processing SAML Request with ID _b827063a7b5aa99d48b8940a2178b150 #202# [H0VJEEX65eorzgkW5JQsXbbJGc10wXyMQMixi9LcDsA=]
2016-01-08; 16:52:05.272 [main] INFO  eu.eidas.communication.requests.AUCONNECTOR SAML_EXCHANGE - - -Mock for IEIDASLogger, hashCode: 888378046 #203# [q+K2I1Lbcrho313oGCq0dkNDRsdI8Y3yFTbhn3yH+Jg=]
2016-01-08; 16:52:05.272 [main] INFO  eu.eidas.auth.engine.EIDASSAMLEngine SAML_EXCHANGE - - -Get instance: Service  #204# [et+Zw9rD84EqIPfiPlUyMdbTEJYd4AMdURIvgJEq7BM=]
2016-01-08; 16:52:05.282 [main] INFO  eu.eidas.node.auth.connector.AUCONNECTORSAML SAML_EXCHANGE - - -Connector - Processing SAML Request with ID null #205# [0gvwXDP7eRJd+OYj8SJOFleuwV4Q74nKrOSmUTTHMN8=]
2016-01-08; 16:52:05.283 [main] INFO  eu.eidas.auth.engine.EIDASSAMLEngine SAML_EXCHANGE - - -Get instance: Service  #206# [ZKH4E9tpk0+RxOZ2w5biPzXwkJas5TEHmcp36ncEQmk=]
2016-01-08; 16:52:05.394 [main] INFO  eu.eidas.node.auth.connector.AUCONNECTORSAML SAML_EXCHANGE - - -Connector - Generating SAML Response to request with ID _12341234123412341234123412341234 #207# [bQ9BeSK6K+jRjc0aUZrNXfiChWbX/yzsEY/3OpdujcM=]
2016-01-08; 16:52:05.404 [main] INFO  eu.eidas.communication.responses.AUCONNECTOR SAML_EXCHANGE - - -Mock for IEIDASLogger, hashCode: 947043383 #208# [5SNKdw1vE0wUTv3E0dmZdxwiX5VwBXp4pCJySsaAo+s=]
2016-01-08; 16:52:17.205 [main] INFO  eu.eidas.auth.engine.EIDASSAMLEngine SAML_EXCHANGE - - -Get instance: METADATA  #209# [9IVpFeR/BOtlPN6E/+4uSAlakp89FZowyqxBaJe6yeU=]
2016-01-08; 16:52:18.277 [main] INFO  eu.eidas.auth.engine.EIDASSAMLEngine SAML_EXCHANGE - - -Get instance: METADATA  #210# [RUzJnE9ax1nUsf6hae+AatSxEXWrKMQRjzMT0YACyn8=]
2016-01-08; 16:52:18.437 [main] INFO  eu.eidas.auth.engine.EIDASSAMLEngine SAML_EXCHANGE - - -Get instance: METADATA  #211# [5fmGKar+517E3bS/eNpSd26f2mJsGtkn0wyAVaBnBf8=]
2016-01-08; 16:52:22.047 [main] INFO  eu.eidas.auth.engine.EIDASSAMLEngine SAML_EXCHANGE - - -Get instance: METADATA  #212# [eDeiZsNKwRTHAZXnpPRkOR/+lf9k2qaX41z+tdxhc6k=]
2016-01-08; 16:52:22.147 [main] INFO  eu.eidas.auth.engine.EIDASSAMLEngine SAML_EXCHANGE - - -Get instance: METADATA  #213# [qyZSvqoXklYcs+4lz55TWmejPb7305liNnNHimuufoI=]
2016-01-08; 16:52:22.613 [main] INFO  eu.eidas.auth.engine.EIDASSAMLEngine SAML_EXCHANGE - - -Get instance: METADATA  #214# [pcqwr1oJbYFi0p0zZVD96k3JRbl4ge+1KgY6IWqiPbQ=]
2016-01-08; 16:52:23.005 [main] INFO  eu.eidas.auth.engine.EIDASSAMLEngine SAML_EXCHANGE - - -Get instance: Service  #215# [tboThcol7V9U9cZt1Pj4quspztcBAh6NXv7t767JZzE=]
2016-01-08; 16:52:23.035 [main] DEBUG eu.eidas.node.auth.service.AUSERVICESAML SAML_EXCHANGE - - -ProxyService - Generating ERROR SAML Response to request with ID null, error is null ERROR_MESSAGE #216# [Kh5FcOQWXWj7zBXc4xXPFHUR7B2HTG70P/zL7kwy2fw=]
2016-01-08; 16:52:23.035 [main] INFO  eu.eidas.auth.engine.EIDASSAMLEngine SAML_EXCHANGE - - -Get instance: Service  #217# [ip7V+9KnshOr818KAjsyhk5F2vC/QK3y3t01YkT8R/Q=]
2016-01-08; 16:52:23.045 [main] INFO  eu.eidas.auth.engine.EIDASSAMLEngine SAML_EXCHANGE - - -BUSINESS EXCEPTION : Saml authentication request is null. #218# [lJwS8draO3iX3TgLpb/5NmYJJpXC3dx5P6NqwhrUX3k=]
2016-01-08; 16:52:23.045 [main] INFO  eu.eidas.auth.engine.EIDASSAMLEngine SAML_EXCHANGE - - -Get instance: Service  #219# [sV9NEwcWOei2/ZsU4jVt7VzJfHg+nYMFUnFq4n4hqUI=]
2016-01-08; 16:52:23.055 [main] INFO  eu.eidas.node.auth.service.AUSERVICESAML SAML_EXCHANGE - - -ProxyService - Generating SAML Response to request with ID null #220# [BDFdtTKcGK4yOMrTQn2R2gpvzm/nDsvj3FDOpWi3+hk=]
2016-01-08; 16:52:23.055 [main] INFO  eu.eidas.auth.engine.EIDASSAMLEngine SAML_EXCHANGE - - -Get instance: Service  #221# [F9AQbzvD/nZK9P46fRJWVCgjSA+rsoOX7x0Vyb8dbSc=]
2016-01-08; 16:52:23.075 [main] INFO  eu.eidas.node.auth.connector.AUCONNECTORSAML SAML_EXCHANGE - - -Connector - Processing SAML Request with ID _12341234123412341234123412341234 #222# [8L/5B1Px1skz1OG8Oc7fYgPSO8YP+q491VtHzKvJKUM=]
2016-01-08; 16:52:23.155 [main] INFO  eu.eidas.communication.requests.AUCONNECTOR SAML_EXCHANGE - - -Mock for IEIDASLogger, hashCode: 1320809135 #223# [T8gSo/mg1tXKKBAcwxiqaC+sg7as9Z6HyufiLmXmhAk=]
2016-01-08; 16:52:23.165 [main] INFO  eu.eidas.auth.engine.EIDASSAMLEngine SAML_EXCHANGE - - -Get instance: Service  #224# [5inUr3im8zwIaU2drGQ+T01rbQAXKZRCG2rSyIDvhbQ=]
2016-01-08; 16:52:23.165 [main] DEBUG eu.eidas.node.auth.service.AUSERVICESAML SAML_EXCHANGE - - -ProxyService - Generating ERROR SAML Response to request with ID _12341234123412341234123412341234, error is null ERROR_MESSAGE #225# [1w2Q6ptySd+kwuzhCiFBIyiD6nJZ3g/pmcLgMT0H3Qs=]
2016-01-08; 16:52:23.235 [main] INFO  eu.eidas.auth.engine.EIDASSAMLEngine SAML_EXCHANGE - - -Get instance: Service  #226# [iKkm174Rmt0kFleMLD8Uckk78IH+dxmf0HrhGirXciY=]
2016-01-08; 16:52:23.255 [main] DEBUG eu.eidas.auth.engine.EIDASSAMLEngine SAML_EXCHANGE - - -null #227# [8ixi11His93BASptKC9cE3Qd+rpQsxH8DzZmVocP6nY=]
2016-01-08; 16:52:23.265 [main] DEBUG eu.eidas.auth.engine.EIDASSAMLEngine SAML_EXCHANGE - - -null #228# [pIUT3LmQARAhEZlObiDyNpqEv1rk9d4sgg8BfpqRgOg=]
2016-01-08; 16:52:23.275 [main] INFO  eu.eidas.node.auth.service.AUSERVICESAML SAML_EXCHANGE - - -ProxyService - Processing SAML Request with ID _dbb02ae800dfbf13bf48df9e4d3f5440 #229# [eLMZ2RY46utQHSxeBAqnrTwSiq1GEFJtx6vjtb2UIes=]
2016-01-08; 16:52:23.275 [main] INFO  eu.eidas.auth.engine.EIDASSAMLEngine SAML_EXCHANGE - - -Get instance: Service  #230# [ZOEEKuzal67wxhaNndpEaXkT2syZztxzUpYv8UYnkxI=]
2016-01-08; 16:52:23.285 [main] DEBUG eu.eidas.node.auth.service.AUSERVICESAML SAML_EXCHANGE - - -ProxyService - Generating ERROR SAML Response to request with ID _dbb02ae800dfbf13bf48df9e4d3f5440, error is null country.service.nomatch #231# [pY8/UGAqTnWyRn7HcBvsZLocUhtZwnyzhNlglmzkBmM=]
2016-01-08; 16:52:23.385 [main] INFO  eu.eidas.communication.responses.AUSERVICE SAML_EXCHANGE - - -Mock for IEIDASLogger, hashCode: 1661178041 #232# [LIhq1ucYt0TOsJsCvut+51mD0JOzuWGbW+7AUntaO/4=]
2016-01-08; 16:52:23.385 [main] INFO  eu.eidas.auth.engine.EIDASSAMLEngine SAML_EXCHANGE - - -Get instance: Service  #233# [Pw1byJB8YM1au/7qz22UuWrb11JVFf3fZLhKtGd7qkE=]
2016-01-08; 16:52:23.385 [main] DEBUG eu.eidas.node.auth.service.AUSERVICESAML SAML_EXCHANGE - - -ProxyService - Generating ERROR SAML Response to request with ID _12341234123412341234123412341234, error is null ERROR_MESSAGE #234# [pvLbvp6K7YNUoWwGJVNbNTexrEZFG8kdH9t80nM6XgY=]
2016-01-08; 16:52:23.455 [main] INFO  eu.eidas.communication.respons